SF:lib/color_constants.dart
DA:7,3
LF:1
LH:1
end_of_record
SF:lib/app/models/event_model.dart
DA:25,5
DA:43,1
DA:44,2
DA:45,2
DA:46,2
DA:47,2
DA:52,1
DA:55,3
DA:57,3
DA:58,6
DA:59,6
DA:60,6
DA:61,6
LF:13
LH:13
end_of_record
SF:lib/app/models/user_model.dart
DA:29,17
DA:32,2
DA:33,4
DA:34,4
DA:35,4
DA:36,4
DA:37,4
DA:38,4
DA:39,4
DA:40,4
DA:41,4
DA:42,4
DA:43,4
DA:44,4
DA:45,4
DA:46,4
DA:47,4
DA:48,4
DA:50,2
DA:53,4
DA:55,4
DA:56,8
DA:57,8
DA:58,8
DA:59,8
DA:60,8
DA:61,8
DA:62,8
DA:63,8
DA:64,8
DA:65,8
DA:66,8
DA:67,8
DA:68,8
DA:69,8
LF:35
LH:35
end_of_record
SF:lib/app/models/parents/model.dart
DA:12,2
DA:15,6
DA:16,12
DA:19,9
DA:21,27
DA:24,0
DA:25,0
DA:29,5
DA:31,10
DA:35,6
DA:37,6
DA:38,12
DA:42,0
DA:50,1
DA:53,1
DA:54,3
DA:58,2
DA:62,1
DA:65,1
DA:66,2
DA:70,2
DA:74,2
DA:76,4
DA:77,6
DA:78,2
DA:81,2
DA:83,0
DA:87,5
DA:89,5
DA:90,10
DA:91,4
DA:93,4
DA:97,2
DA:101,1
DA:103,1
DA:104,2
DA:105,0
DA:107,2
DA:108,0
DA:110,4
DA:114,2
DA:118,1
DA:120,1
DA:121,2
DA:122,0
DA:123,2
DA:124,2
DA:125,2
DA:127,2
DA:130,0
DA:131,0
DA:136,0
LF:52
LH:42
end_of_record
SF:lib/app/models/notification_model.dart
DA:18,3
DA:20,0
DA:21,0
DA:24,2
DA:26,2
LF:5
LH:3
end_of_record
SF:lib/app/models/post_model.dart
DA:29,10
DA:52,1
DA:53,2
DA:54,2
DA:55,2
DA:56,2
DA:61,1
DA:64,1
DA:66,1
DA:67,2
DA:68,2
DA:69,2
DA:70,2
LF:13
LH:13
end_of_record
SF:lib/app/models/feedback_model.dart
DA:10,1
DA:12,0
DA:15,0
LF:3
LH:1
end_of_record
SF:lib/app/modules/auth/controllers/auth_controller.dart
DA:134,2
DA:136,6
DA:137,4
DA:139,10
DA:140,4
DA:141,6
DA:142,4
DA:143,4
DA:149,2
DA:151,4
DA:152,4
DA:153,4
DA:154,4
DA:155,4
DA:331,2
DA:335,0
DA:337,0
DA:338,0
DA:341,0
DA:343,0
DA:344,0
DA:348,0
DA:349,0
DA:350,0
DA:352,0
DA:354,0
DA:355,0
DA:356,0
DA:357,0
DA:365,1
DA:366,2
DA:369,1
DA:370,1
DA:371,1
DA:372,1
DA:373,1
DA:374,3
DA:375,5
DA:376,2
DA:379,3
DA:383,1
DA:384,5
DA:388,1
DA:389,1
DA:390,1
DA:391,1
DA:392,1
DA:393,3
DA:394,5
DA:395,2
DA:398,3
DA:402,1
DA:403,5
DA:407,1
DA:408,1
DA:409,1
DA:410,1
DA:411,1
DA:412,3
DA:413,5
DA:414,2
DA:417,3
DA:422,1
DA:423,1
DA:424,1
DA:425,1
DA:426,1
DA:427,3
DA:428,5
DA:429,2
DA:432,3
DA:436,0
DA:437,0
DA:439,0
DA:441,0
DA:442,0
DA:443,0
DA:444,0
DA:445,0
DA:446,0
DA:447,0
DA:448,0
DA:449,0
DA:450,0
DA:451,0
DA:455,0
DA:456,0
DA:457,0
DA:460,0
DA:468,0
DA:470,0
DA:471,0
DA:472,0
DA:473,0
DA:474,0
DA:475,0
DA:476,0
DA:477,0
DA:478,0
DA:479,0
DA:480,0
DA:484,0
DA:485,0
DA:486,0
DA:487,0
DA:490,0
DA:496,1
DA:499,2
DA:500,6
DA:501,6
DA:502,7
DA:503,7
DA:505,2
DA:506,0
DA:507,0
DA:512,2
DA:513,0
DA:517,2
DA:522,1
DA:525,2
DA:526,4
DA:527,1
DA:528,0
DA:535,2
DA:536,0
DA:540,2
DA:545,1
DA:547,2
DA:549,4
DA:551,6
DA:552,6
DA:553,6
DA:554,6
DA:555,6
DA:556,6
DA:557,6
DA:558,6
DA:559,6
DA:560,7
DA:561,7
DA:565,3
DA:566,2
DA:567,2
DA:568,2
DA:569,2
DA:571,2
DA:572,0
DA:573,0
DA:574,0
DA:583,2
DA:584,0
DA:588,2
DA:597,2
DA:600,4
DA:601,2
DA:602,4
DA:603,4
DA:604,4
DA:605,4
DA:606,5
DA:608,6
DA:609,7
DA:610,3
DA:611,5
DA:616,4
DA:617,0
DA:623,1
DA:625,2
DA:626,2
DA:627,3
DA:628,0
DA:629,0
DA:633,2
DA:634,2
DA:635,0
DA:638,2
DA:646,1
DA:648,2
DA:649,2
DA:650,3
DA:651,0
DA:652,0
DA:656,2
DA:657,2
DA:658,0
DA:661,2
DA:670,1
DA:672,2
DA:673,2
DA:676,2
DA:677,2
DA:678,0
DA:681,2
DA:690,1
DA:691,2
LF:195
LH:129
end_of_record
SF:lib/app/modules/events/controllers/events_controller.dart
DA:102,2
DA:103,4
DA:107,1
DA:109,2
DA:110,2
DA:111,2
DA:112,2
DA:113,2
DA:114,2
DA:115,2
DA:117,4
DA:197,1
DA:202,1
DA:203,2
DA:204,2
DA:205,2
DA:206,2
DA:207,0
DA:210,4
DA:213,3
DA:214,1
DA:217,0
DA:219,0
DA:220,0
DA:223,1
DA:224,2
DA:225,2
DA:226,2
DA:227,2
DA:228,2
DA:229,2
DA:232,1
DA:234,1
DA:236,3
DA:239,1
DA:240,2
DA:241,3
DA:242,0
DA:243,0
DA:244,0
DA:245,0
DA:246,0
DA:252,2
DA:256,2
DA:257,3
DA:263,1
DA:265,2
DA:266,3
DA:267,3
DA:268,0
DA:269,0
DA:270,0
DA:271,0
DA:272,0
DA:278,3
DA:283,2
DA:284,3
DA:287,1
DA:306,1
DA:307,2
DA:310,1
DA:311,1
DA:312,1
DA:313,1
DA:314,1
DA:315,3
DA:316,5
DA:317,2
DA:320,3
DA:324,1
DA:325,6
DA:326,5
DA:330,1
DA:331,1
DA:332,1
DA:333,1
DA:334,1
DA:335,3
DA:336,5
DA:337,2
DA:340,3
DA:344,1
DA:345,5
DA:349,1
DA:350,1
DA:351,1
DA:352,1
DA:353,1
DA:354,3
DA:355,5
DA:356,2
DA:359,3
DA:365,1
DA:366,1
DA:367,1
DA:368,1
DA:369,1
DA:370,3
DA:371,5
DA:372,2
DA:375,3
DA:378,1
DA:379,2
DA:382,1
DA:383,1
DA:384,2
DA:385,2
DA:387,1
DA:388,3
DA:389,3
DA:390,2
DA:391,2
DA:392,3
DA:393,2
DA:394,2
DA:395,2
DA:396,2
DA:397,3
DA:398,2
DA:399,2
DA:400,2
DA:401,2
DA:409,2
DA:413,2
DA:414,2
DA:415,2
DA:421,2
DA:422,0
DA:426,2
DA:432,3
DA:433,2
DA:437,1
DA:438,1
DA:439,2
DA:440,2
DA:442,1
DA:443,3
DA:444,1
DA:445,3
DA:446,2
DA:447,2
DA:448,3
DA:449,2
DA:450,2
DA:451,2
DA:452,2
DA:453,2
DA:454,2
DA:455,2
DA:456,2
DA:457,2
DA:461,2
DA:463,2
DA:464,2
DA:465,2
DA:470,0
DA:473,2
DA:479,0
DA:480,0
DA:481,0
DA:482,0
DA:486,1
DA:487,1
DA:488,1
DA:490,2
DA:491,1
DA:492,3
DA:493,5
DA:494,4
DA:495,2
DA:502,2
DA:503,2
DA:507,1
DA:513,1
DA:514,1
DA:515,1
DA:517,2
DA:518,1
DA:519,3
DA:520,5
DA:521,4
DA:522,2
DA:529,2
DA:530,2
DA:533,1
DA:535,2
DA:539,1
DA:540,1
DA:541,1
DA:543,2
DA:544,1
DA:545,3
DA:546,5
DA:547,4
DA:548,2
DA:555,2
DA:556,2
DA:560,3
DA:561,2
DA:565,1
DA:567,2
DA:571,2
DA:572,0
DA:578,1
DA:579,1
DA:582,2
DA:583,2
DA:585,3
DA:586,1
DA:587,2
DA:588,3
DA:589,2
DA:590,2
DA:591,2
DA:592,2
DA:593,2
DA:594,2
DA:595,2
DA:596,2
DA:597,2
DA:598,3
DA:599,3
DA:600,3
DA:604,3
DA:605,2
DA:609,1
DA:613,2
DA:618,2
DA:619,0
DA:629,1
DA:631,2
DA:632,2
DA:633,1
DA:634,1
DA:635,2
DA:636,1
DA:637,1
DA:638,1
DA:639,1
DA:640,2
DA:641,1
DA:642,2
DA:643,2
DA:646,3
DA:651,2
DA:652,0
DA:660,1
DA:663,2
DA:664,2
DA:665,1
DA:666,0
DA:667,0
DA:668,0
DA:669,0
DA:673,2
DA:674,0
DA:678,2
DA:679,1
DA:686,1
DA:688,2
DA:689,2
DA:690,2
DA:691,2
DA:692,1
DA:693,0
DA:694,0
DA:695,0
DA:696,0
DA:700,2
DA:701,2
DA:702,0
DA:706,2
DA:707,1
DA:714,1
DA:716,2
DA:717,3
DA:718,0
DA:719,0
DA:720,0
DA:724,2
DA:725,0
LF:281
LH:244
end_of_record
SF:lib/app/modules/root/controllers/root_controller.dart
DA:24,1
DA:25,2
DA:28,1
DA:30,1
DA:31,1
DA:43,0
DA:45,0
DA:46,0
DA:47,0
DA:49,0
DA:50,0
DA:51,0
DA:52,0
DA:56,0
DA:57,0
DA:58,0
DA:60,0
DA:61,0
DA:62,0
DA:63,0
DA:71,0
DA:72,0
DA:73,0
DA:75,0
DA:79,0
DA:81,0
DA:83,0
DA:84,0
DA:85,0
DA:90,0
DA:92,0
DA:96,0
DA:98,0
DA:99,0
DA:102,0
DA:104,0
DA:105,0
DA:110,0
DA:112,0
DA:113,0
DA:120,1
DA:121,1
DA:123,3
DA:124,2
DA:126,0
DA:129,2
LF:46
LH:10
end_of_record
SF:lib/app/repositories/sector_repository.dart
DA:10,0
DA:11,0
DA:12,0
LF:3
LH:0
end_of_record
SF:lib/app/repositories/user_repository.dart
DA:8,0
DA:9,0
DA:10,0
DA:13,0
DA:14,0
DA:15,0
DA:18,0
DA:19,0
DA:20,0
DA:23,0
DA:24,0
DA:25,0
DA:30,0
DA:31,0
DA:32,0
DA:35,0
DA:36,0
DA:37,0
DA:40,1
DA:41,3
DA:42,2
DA:45,0
DA:46,0
DA:47,0
DA:50,0
DA:51,0
DA:52,0
DA:55,0
DA:56,0
DA:57,0
DA:60,0
DA:61,0
DA:62,0
DA:65,0
DA:66,0
DA:67,0
DA:70,0
DA:71,0
DA:72,0
DA:75,0
DA:76,0
DA:77,0
LF:42
LH:3
end_of_record
SF:lib/app/repositories/zone_repository.dart
DA:9,0
DA:10,0
DA:11,0
DA:14,0
DA:15,0
DA:16,0
DA:20,0
DA:21,0
DA:22,0
DA:25,0
DA:26,0
DA:27,0
DA:29,0
DA:30,0
DA:31,0
DA:34,0
DA:35,0
DA:36,0
DA:39,0
DA:40,0
DA:41,0
DA:44,4
DA:45,10
DA:46,4
DA:49,0
DA:50,0
DA:51,0
LF:27
LH:3
end_of_record
SF:lib/app/services/auth_service.dart
DA:13,11
DA:14,22
DA:15,22
DA:18,0
DA:19,0
DA:20,0
DA:22,0
DA:26,0
DA:27,0
DA:28,0
DA:29,0
DA:36,0
DA:37,0
DA:38,0
DA:39,0
DA:42,0
LF:16
LH:3
end_of_record
SF:lib/app/providers/laravel_provider.dart
DA:35,4
DA:36,12
DA:37,4
DA:43,0
DA:50,1
DA:52,1
DA:57,1
DA:58,4
DA:59,1
DA:60,1
DA:61,1
DA:62,1
DA:63,1
DA:64,1
DA:65,1
DA:66,1
DA:67,1
DA:68,1
DA:69,0
DA:70,0
DA:73,0
DA:74,0
DA:75,0
DA:77,0
DA:78,0
DA:79,0
DA:84,0
DA:86,0
DA:108,1
DA:110,1
DA:115,1
DA:116,4
DA:117,1
DA:118,1
DA:119,1
DA:120,1
DA:121,1
DA:122,1
DA:123,0
DA:124,0
DA:125,0
DA:129,0
DA:130,0
DA:131,0
DA:133,0
DA:134,0
DA:135,0
DA:140,0
DA:142,0
DA:164,2
DA:166,2
DA:169,2
DA:170,2
DA:171,2
DA:172,2
DA:173,2
DA:174,2
DA:175,4
DA:176,6
DA:177,2
DA:183,2
DA:184,3
DA:185,3
DA:186,4
DA:187,4
DA:190,0
DA:193,1
DA:194,0
DA:195,1
DA:198,1
DA:203,1
DA:205,1
DA:208,1
DA:209,1
DA:210,1
DA:211,1
DA:212,1
DA:213,1
DA:216,2
DA:217,3
DA:218,1
DA:223,2
DA:224,3
DA:225,1
DA:226,3
DA:227,4
DA:228,4
DA:231,0
DA:234,1
DA:235,0
DA:236,1
DA:239,1
DA:244,1
DA:246,1
DA:249,1
DA:250,1
DA:251,1
DA:252,1
DA:253,1
DA:254,1
DA:255,1
DA:256,5
DA:257,3
DA:258,1
DA:259,1
DA:260,1
DA:261,1
DA:265,1
DA:266,1
DA:267,2
DA:270,0
DA:272,0
DA:294,1
DA:296,1
DA:300,1
DA:301,2
DA:302,1
DA:303,1
DA:305,0
DA:306,0
DA:307,0
DA:309,2
DA:310,3
DA:311,1
DA:317,2
DA:318,3
DA:319,5
DA:320,0
DA:323,3
DA:327,3
DA:330,1
DA:331,0
DA:332,1
DA:335,2
DA:336,1
DA:344,1
DA:346,1
DA:349,1
DA:350,1
DA:351,1
DA:352,1
DA:353,1
DA:354,1
DA:355,2
DA:356,3
DA:357,1
DA:362,2
DA:363,3
DA:364,2
DA:366,0
DA:369,0
DA:370,0
DA:371,0
DA:374,0
DA:379,1
DA:381,1
DA:384,1
DA:385,1
DA:386,1
DA:387,1
DA:388,1
DA:389,1
DA:390,2
DA:391,3
DA:392,1
DA:397,2
DA:398,3
DA:399,2
DA:401,3
DA:404,1
DA:405,2
DA:406,1
DA:409,1
DA:414,1
DA:416,1
DA:420,2
DA:423,2
DA:424,3
DA:425,1
DA:432,0
DA:433,0
DA:434,0
DA:435,0
DA:436,0
DA:437,0
DA:438,0
DA:439,0
DA:440,0
DA:442,0
DA:443,0
DA:444,0
DA:445,0
DA:447,0
DA:448,0
DA:458,0
DA:461,1
DA:462,2
DA:463,1
DA:466,1
DA:471,1
DA:473,1
DA:477,1
DA:479,2
DA:480,3
DA:481,1
DA:487,2
DA:493,1
DA:494,2
DA:495,1
DA:498,0
DA:502,1
DA:504,1
DA:507,1
DA:508,1
DA:509,1
DA:510,1
DA:511,1
DA:512,1
DA:513,2
DA:514,3
DA:515,1
DA:521,2
DA:522,3
DA:524,1
DA:525,2
DA:526,1
DA:529,1
DA:534,1
DA:536,1
DA:539,1
DA:540,1
DA:541,1
DA:542,1
DA:543,1
DA:544,1
DA:545,2
DA:546,3
DA:547,1
DA:553,2
DA:554,3
DA:556,1
DA:557,2
DA:558,1
DA:561,1
DA:566,1
DA:568,1
DA:571,1
DA:572,1
DA:573,1
DA:574,1
DA:575,1
DA:576,1
DA:578,1
DA:579,4
DA:580,3
DA:582,1
DA:583,1
DA:586,1
DA:587,1
DA:588,2
DA:593,0
DA:595,0
DA:621,1
DA:623,2
DA:625,1
DA:629,2
DA:630,2
DA:633,0
DA:636,1
DA:637,2
DA:638,1
DA:641,1
DA:646,1
DA:648,1
DA:652,1
DA:653,2
DA:654,1
DA:655,2
DA:656,1
DA:681,3
DA:683,3
DA:687,3
DA:689,6
DA:690,9
DA:691,3
DA:697,2
DA:698,3
DA:699,2
DA:701,3
DA:704,3
DA:705,2
DA:706,3
DA:709,3
DA:713,1
DA:715,1
DA:720,2
DA:721,4
DA:722,1
DA:728,2
DA:729,3
DA:730,0
DA:732,3
DA:736,0
DA:738,1
DA:739,2
DA:740,1
DA:743,1
DA:748,1
DA:750,2
DA:752,1
DA:756,2
DA:757,2
DA:760,0
DA:763,1
DA:764,2
DA:765,1
DA:768,1
DA:773,1
DA:775,1
DA:779,2
DA:780,3
DA:781,1
DA:786,2
DA:787,3
DA:788,0
DA:790,3
DA:793,1
DA:794,2
DA:795,1
DA:798,1
DA:803,1
DA:805,1
DA:808,1
DA:809,1
DA:810,1
DA:811,1
DA:812,1
DA:813,1
DA:814,2
DA:815,3
DA:816,1
DA:821,2
DA:822,3
DA:823,2
DA:825,3
DA:828,1
DA:829,2
DA:830,1
DA:833,1
DA:837,1
DA:839,1
DA:844,2
DA:845,3
DA:846,1
DA:851,2
DA:852,3
DA:853,1
DA:855,3
DA:858,1
DA:859,2
DA:860,1
DA:863,1
DA:870,1
DA:872,2
DA:873,1
DA:876,1
DA:877,1
DA:878,1
DA:879,1
DA:880,2
DA:882,2
DA:883,3
DA:884,1
DA:889,2
DA:890,3
DA:891,0
DA:893,3
DA:896,1
DA:897,2
DA:898,1
DA:901,1
DA:907,1
DA:909,1
DA:912,1
DA:913,1
DA:914,1
DA:915,1
DA:916,2
DA:918,2
DA:919,3
DA:920,1
DA:925,2
DA:926,3
DA:927,2
DA:929,3
DA:932,1
DA:933,2
DA:934,1
DA:937,1
DA:943,1
DA:945,1
DA:948,1
DA:949,1
DA:950,1
DA:951,1
DA:952,1
DA:953,1
DA:954,1
DA:955,4
DA:956,3
DA:957,1
DA:959,1
DA:960,1
DA:961,1
DA:962,1
DA:963,1
DA:964,2
DA:967,1
DA:968,3
DA:969,2
DA:970,4
DA:973,0
DA:974,0
DA:975,0
DA:978,0
DA:979,0
DA:984,0
DA:985,0
DA:990,0
DA:992,0
DA:1014,1
DA:1016,1
DA:1019,1
DA:1020,1
DA:1021,1
DA:1022,1
DA:1023,1
DA:1024,1
DA:1026,1
DA:1027,5
DA:1028,3
DA:1029,1
DA:1031,1
DA:1032,1
DA:1033,1
DA:1034,1
DA:1035,1
DA:1036,2
DA:1037,2
DA:1041,1
DA:1042,3
DA:1043,2
DA:1044,4
DA:1047,0
DA:1048,0
DA:1053,0
DA:1054,0
DA:1058,0
DA:1060,0
DA:1083,1
DA:1085,1
DA:1088,1
DA:1089,1
DA:1090,1
DA:1091,1
DA:1092,1
DA:1093,1
DA:1094,2
DA:1095,3
DA:1096,1
DA:1102,2
DA:1103,3
DA:1104,2
DA:1105,2
DA:1107,3
DA:1110,1
DA:1111,2
DA:1112,1
DA:1115,1
DA:1120,1
DA:1122,1
DA:1125,1
DA:1126,1
DA:1127,1
DA:1128,1
DA:1129,1
DA:1130,1
DA:1131,2
DA:1132,3
DA:1133,1
DA:1138,2
DA:1139,3
DA:1140,2
DA:1142,3
DA:1146,1
DA:1147,2
DA:1148,1
DA:1151,1
DA:1155,1
DA:1157,1
DA:1160,1
DA:1161,1
DA:1162,1
DA:1163,1
DA:1164,1
DA:1165,1
DA:1166,2
DA:1169,1
DA:1170,2
DA:1171,3
DA:1172,1
DA:1179,2
DA:1180,3
DA:1181,2
DA:1183,3
DA:1187,1
DA:1188,2
DA:1189,1
DA:1192,1
DA:1198,1
DA:1200,1
DA:1203,1
DA:1204,1
DA:1205,1
DA:1206,1
DA:1207,1
DA:1208,1
DA:1209,2
DA:1210,3
DA:1211,1
DA:1216,2
DA:1217,3
DA:1218,2
DA:1220,3
DA:1223,1
DA:1224,2
DA:1225,1
DA:1228,1
DA:1232,1
DA:1234,1
DA:1237,1
DA:1238,1
DA:1239,1
DA:1240,1
DA:1241,1
DA:1242,1
DA:1243,2
DA:1244,3
DA:1245,1
DA:1250,2
DA:1251,3
DA:1252,2
DA:1254,3
DA:1258,1
DA:1259,2
DA:1260,1
DA:1263,1
DA:1269,1
DA:1271,1
DA:1274,1
DA:1275,1
DA:1276,1
DA:1277,1
DA:1278,2
DA:1280,2
DA:1281,3
DA:1282,1
DA:1308,1
DA:1310,1
DA:1313,1
DA:1314,1
DA:1315,1
DA:1316,1
DA:1317,2
DA:1319,2
DA:1320,1
DA:1321,2
DA:1322,1
DA:1349,1
DA:1351,1
DA:1354,1
DA:1355,1
DA:1356,1
DA:1357,1
DA:1358,2
DA:1361,2
DA:1362,3
DA:1363,1
DA:1368,2
DA:1369,3
DA:1370,3
DA:1371,2
DA:1373,3
DA:1376,1
DA:1377,2
DA:1378,1
DA:1381,1
DA:1387,1
DA:1389,1
DA:1392,1
DA:1393,1
DA:1394,1
DA:1395,1
DA:1396,1
DA:1397,1
DA:1398,1
DA:1399,2
DA:1400,3
DA:1401,1
DA:1407,2
DA:1408,3
DA:1409,2
DA:1411,3
DA:1414,1
DA:1415,2
DA:1416,1
DA:1419,1
DA:1423,1
DA:1425,1
DA:1428,1
DA:1429,1
DA:1430,1
DA:1431,1
DA:1432,1
DA:1433,1
DA:1435,1
DA:1436,4
DA:1437,3
DA:1438,1
DA:1439,1
DA:1440,1
DA:1441,1
DA:1442,1
DA:1443,1
DA:1444,1
DA:1445,1
DA:1446,1
DA:1447,1
DA:1448,1
DA:1449,1
DA:1450,3
DA:1451,2
DA:1453,1
DA:1454,1
DA:1455,1
DA:1456,1
DA:1457,1
DA:1458,1
DA:1459,1
DA:1462,2
DA:1463,4
DA:1465,0
DA:1466,0
DA:1486,1
DA:1488,1
DA:1491,1
DA:1492,1
DA:1493,1
DA:1494,1
DA:1495,1
DA:1496,1
DA:1498,1
DA:1499,5
DA:1500,3
DA:1501,1
DA:1502,1
DA:1503,1
DA:1504,1
DA:1505,1
DA:1506,1
DA:1507,1
DA:1508,1
DA:1509,1
DA:1510,1
DA:1511,1
DA:1512,1
DA:1514,1
DA:1515,1
DA:1516,1
DA:1517,1
DA:1518,1
DA:1519,2
DA:1520,3
DA:1521,2
DA:1525,1
DA:1526,2
DA:1527,4
DA:1530,0
DA:1532,0
DA:1554,1
DA:1556,1
DA:1559,1
DA:1560,1
DA:1561,1
DA:1562,1
DA:1563,1
DA:1564,1
DA:1565,2
DA:1566,3
DA:1567,1
DA:1592,1
DA:1594,1
DA:1597,1
DA:1598,1
DA:1599,1
DA:1600,1
DA:1601,2
DA:1603,1
DA:1604,2
DA:1605,1
DA:1606,2
DA:1607,1
DA:1612,2
DA:1613,3
DA:1614,3
DA:1615,2
DA:1617,3
DA:1620,1
DA:1621,2
DA:1622,1
DA:1625,1
DA:1632,1
DA:1634,2
DA:1635,1
DA:1638,1
DA:1639,1
DA:1640,1
DA:1641,1
DA:1642,2
DA:1644,1
DA:1645,2
DA:1646,1
DA:1647,2
DA:1648,1
DA:1653,2
DA:1654,3
DA:1655,2
DA:1657,3
DA:1660,1
DA:1661,2
DA:1662,1
DA:1665,1
DA:1675,2
DA:1677,2
DA:1680,2
DA:1681,2
DA:1682,2
DA:1683,2
DA:1684,4
DA:1687,4
DA:1688,2
DA:1689,4
DA:1690,2
DA:1695,2
DA:1696,3
DA:1697,2
DA:1699,3
DA:1702,2
DA:1703,2
DA:1704,2
DA:1707,2
DA:1713,1
DA:1715,1
DA:1718,1
DA:1719,1
DA:1720,1
DA:1721,1
DA:1722,2
DA:1725,2
DA:1726,1
DA:1727,2
DA:1728,1
DA:1733,2
DA:1734,3
DA:1735,2
DA:1737,3
DA:1740,1
DA:1741,2
DA:1742,1
DA:1745,1
DA:1751,1
DA:1753,1
DA:1756,1
DA:1757,1
DA:1758,1
DA:1759,1
DA:1760,2
DA:1763,2
DA:1764,1
DA:1765,2
DA:1766,1
DA:1771,2
DA:1772,3
DA:1773,2
DA:1775,3
DA:1778,1
DA:1779,2
DA:1780,1
DA:1783,1
DA:1787,1
DA:1789,1
DA:1792,1
DA:1793,1
DA:1794,1
DA:1795,1
DA:1796,1
DA:1797,1
DA:1799,1
DA:1800,4
DA:1801,3
DA:1802,1
DA:1803,1
DA:1804,1
DA:1805,1
DA:1806,1
DA:1810,1
DA:1811,1
DA:1813,0
DA:1814,0
LF:819
LH:735
end_of_record
SF:lib/app/modules/community/controllers/community_controller.dart
DA:156,6
DA:160,4
DA:163,4
DA:165,8
DA:166,16
DA:168,16
DA:169,8
DA:170,8
DA:171,8
DA:172,8
DA:176,4
DA:177,8
DA:178,0
DA:180,0
DA:183,0
DA:184,0
DA:185,0
DA:188,0
DA:189,0
DA:190,0
DA:191,0
DA:193,0
DA:198,0
DA:199,0
DA:200,0
DA:205,0
DA:209,0
DA:210,0
DA:211,0
DA:214,0
DA:215,0
DA:216,0
DA:217,0
DA:219,0
DA:223,0
DA:224,0
DA:225,0
DA:231,12
DA:233,4
DA:234,8
DA:236,4
DA:237,4
DA:239,4
DA:244,4
DA:245,4
DA:246,4
DA:247,4
DA:248,4
DA:250,4
DA:252,8
DA:253,8
DA:254,8
DA:256,4
DA:257,8
DA:259,4
DA:260,4
DA:262,4
DA:267,4
DA:268,4
DA:269,4
DA:270,4
DA:271,4
DA:277,8
DA:279,8
DA:280,8
DA:287,0
DA:289,0
DA:290,0
DA:293,4
DA:294,8
DA:295,8
DA:296,8
DA:297,8
DA:298,8
DA:299,0
DA:302,8
DA:305,12
DA:306,4
DA:309,0
DA:310,0
DA:311,0
DA:312,0
DA:313,0
DA:314,0
DA:318,1
DA:319,2
DA:320,1
DA:321,2
DA:324,2
DA:325,1
DA:326,3
DA:327,1
DA:328,4
DA:329,4
DA:330,4
DA:331,4
DA:333,1
DA:334,2
DA:335,2
DA:336,3
DA:337,3
DA:338,3
DA:339,2
DA:340,2
DA:341,2
DA:343,2
DA:344,3
DA:345,2
DA:346,3
DA:351,3
DA:352,1
DA:354,2
DA:359,2
DA:360,0
DA:364,2
DA:371,1
DA:372,1
DA:373,2
DA:374,2
DA:376,1
DA:377,3
DA:378,1
DA:379,3
DA:380,5
DA:381,4
DA:382,4
DA:383,4
DA:385,2
DA:386,2
DA:387,2
DA:388,3
DA:389,3
DA:390,3
DA:391,2
DA:392,2
DA:393,2
DA:395,2
DA:396,3
DA:397,2
DA:398,3
DA:404,2
DA:406,2
DA:407,2
DA:408,2
DA:413,2
DA:414,0
DA:418,2
DA:424,3
DA:425,2
DA:429,1
DA:430,1
DA:431,2
DA:432,2
DA:434,1
DA:435,2
DA:436,0
DA:437,0
DA:438,0
DA:439,0
DA:440,0
DA:441,0
DA:443,0
DA:444,0
DA:445,0
DA:446,0
DA:447,0
DA:448,0
DA:449,0
DA:450,0
DA:451,0
DA:453,0
DA:454,0
DA:455,0
DA:456,0
DA:462,0
DA:464,0
DA:465,0
DA:466,0
DA:471,2
DA:472,0
DA:476,2
DA:482,0
DA:483,0
DA:484,0
DA:485,0
DA:490,1
DA:491,2
DA:494,1
DA:495,1
DA:496,1
DA:497,1
DA:498,1
DA:499,3
DA:500,5
DA:501,2
DA:504,0
DA:508,1
DA:509,5
DA:513,1
DA:514,1
DA:515,1
DA:516,1
DA:517,1
DA:518,3
DA:519,5
DA:520,2
DA:523,3
DA:527,1
DA:528,5
DA:532,1
DA:533,1
DA:534,1
DA:535,1
DA:536,1
DA:537,3
DA:538,5
DA:539,2
DA:542,3
DA:546,1
DA:547,1
DA:548,1
DA:549,1
DA:550,1
DA:551,3
DA:552,5
DA:553,2
DA:556,3
DA:559,1
DA:560,2
DA:563,0
DA:565,0
DA:567,0
DA:570,0
DA:571,0
DA:572,0
DA:573,0
DA:574,0
DA:575,0
DA:576,0
DA:577,0
DA:583,0
DA:587,0
DA:588,0
DA:594,0
DA:596,0
DA:597,0
DA:598,0
DA:599,0
DA:600,0
DA:601,0
DA:602,0
DA:603,0
DA:609,0
DA:614,0
DA:615,0
DA:618,0
DA:623,0
DA:624,0
DA:625,0
DA:626,0
DA:627,0
DA:630,0
DA:633,0
DA:634,0
DA:635,0
DA:636,0
DA:637,0
DA:643,0
DA:645,0
DA:646,0
DA:647,0
DA:652,0
DA:653,0
DA:661,0
DA:662,0
DA:664,0
DA:666,0
DA:667,0
DA:668,0
DA:669,0
DA:670,0
DA:671,0
DA:672,0
DA:673,0
DA:674,0
DA:675,0
DA:679,0
DA:680,0
DA:683,0
DA:691,0
DA:693,0
DA:694,0
DA:695,0
DA:696,0
DA:697,0
DA:698,0
DA:699,0
DA:700,0
DA:701,0
DA:702,0
DA:703,0
DA:707,0
DA:708,0
DA:709,0
DA:710,0
DA:713,0
DA:719,1
DA:721,2
DA:725,2
DA:726,0
DA:732,4
DA:734,8
DA:738,8
DA:739,0
DA:747,5
DA:749,10
DA:750,10
DA:751,10
DA:752,10
DA:753,10
DA:754,10
DA:755,10
DA:756,10
DA:759,1
DA:761,2
DA:762,2
DA:763,2
DA:764,2
DA:765,2
DA:766,1
DA:767,0
DA:768,0
DA:769,0
DA:770,0
DA:771,0
DA:772,0
DA:773,0
DA:774,0
DA:777,0
DA:782,2
DA:783,2
DA:784,0
DA:788,2
DA:789,1
DA:796,1
DA:797,2
DA:799,2
DA:800,2
DA:801,3
DA:802,0
DA:803,0
DA:804,0
DA:805,0
DA:806,0
DA:807,0
DA:808,0
DA:812,2
DA:813,2
DA:814,0
DA:818,2
DA:824,0
DA:826,0
DA:827,0
DA:831,0
DA:832,0
DA:833,0
DA:834,0
DA:835,0
DA:836,0
DA:837,0
DA:838,0
DA:839,0
DA:840,0
DA:841,0
DA:842,0
DA:843,0
DA:844,0
DA:845,0
DA:849,0
DA:857,1
DA:858,4
DA:859,4
DA:860,4
DA:861,4
DA:862,4
DA:863,4
DA:864,4
DA:865,4
DA:866,4
DA:867,4
DA:868,4
DA:869,4
DA:870,4
DA:871,4
DA:872,4
DA:873,4
DA:874,4
DA:877,1
DA:879,2
DA:880,2
DA:881,2
DA:882,1
DA:883,3
DA:884,3
DA:885,3
DA:886,3
DA:888,1
DA:889,1
DA:890,1
DA:891,2
DA:892,2
DA:893,2
DA:894,1
DA:895,1
DA:896,1
DA:898,1
DA:899,2
DA:900,2
DA:901,1
DA:902,1
DA:903,2
DA:904,2
DA:905,2
DA:908,2
DA:909,1
DA:913,2
DA:914,2
DA:915,0
DA:924,0
DA:926,0
DA:927,0
DA:928,0
DA:929,0
DA:930,0
DA:931,0
DA:932,0
DA:934,0
DA:935,0
DA:936,0
DA:937,0
DA:938,0
DA:939,0
DA:940,0
DA:941,0
DA:942,0
DA:944,0
DA:945,0
DA:946,0
DA:949,0
DA:954,0
DA:955,0
DA:958,0
DA:963,0
DA:965,0
DA:966,0
DA:967,0
DA:969,0
DA:970,0
DA:971,0
DA:975,0
DA:976,0
DA:979,0
DA:988,1
DA:989,1
DA:991,2
DA:992,3
DA:993,0
DA:994,0
DA:995,0
DA:996,0
DA:997,0
DA:1001,2
DA:1002,0
DA:1012,0
DA:1015,0
DA:1021,0
DA:1022,0
DA:1031,0
DA:1034,0
DA:1040,0
DA:1041,0
DA:1052,0
DA:1053,0
DA:1054,0
DA:1056,0
DA:1059,0
DA:1063,0
DA:1064,0
DA:1066,0
DA:1071,1
DA:1073,2
DA:1074,0
DA:1076,0
DA:1077,0
DA:1078,0
DA:1079,0
DA:1080,0
DA:1082,0
DA:1083,0
DA:1087,2
DA:1088,0
LF:501
LH:253
end_of_record
SF:lib/app/modules/notifications/controllers/notification_controller.dart
DA:71,2
DA:72,4
DA:75,0
DA:77,0
DA:78,0
DA:79,0
DA:80,0
DA:82,0
DA:84,0
DA:87,0
DA:88,0
DA:89,0
DA:92,0
DA:93,0
DA:94,0
DA:95,0
DA:97,0
DA:102,0
DA:103,0
DA:104,0
DA:109,0
DA:112,0
DA:113,0
DA:114,0
DA:119,1
DA:120,2
DA:121,2
DA:122,2
DA:123,8
DA:124,0
DA:127,2
DA:132,2
DA:133,4
DA:134,4
DA:135,4
DA:137,4
DA:138,1
DA:139,2
DA:140,0
DA:141,2
DA:142,0
DA:143,0
DA:144,0
DA:146,0
DA:147,0
DA:148,0
DA:149,0
DA:151,0
DA:152,0
DA:153,0
DA:157,0
DA:159,4
DA:160,0
DA:162,2
DA:163,1
DA:167,4
DA:168,0
DA:172,4
DA:179,0
DA:181,0
DA:183,0
DA:186,0
DA:187,0
DA:188,0
DA:189,0
DA:190,0
DA:191,0
DA:192,0
DA:193,0
DA:199,0
DA:203,0
DA:204,0
DA:210,0
DA:212,0
DA:213,0
DA:214,0
DA:215,0
DA:216,0
DA:217,0
DA:218,0
DA:219,0
DA:225,0
DA:230,0
DA:231,0
DA:234,0
DA:239,1
DA:240,2
DA:243,1
DA:244,1
DA:245,1
DA:246,1
DA:247,1
DA:248,3
DA:249,5
DA:250,2
DA:253,3
DA:257,1
DA:258,6
DA:259,5
DA:263,1
DA:264,1
DA:265,1
DA:266,1
DA:267,1
DA:268,3
DA:269,5
DA:270,2
DA:273,3
DA:277,1
DA:278,5
DA:282,1
DA:283,1
DA:284,1
DA:285,1
DA:286,1
DA:287,3
DA:288,5
DA:289,2
DA:292,3
DA:296,1
DA:298,2
DA:299,2
DA:300,1
DA:301,1
DA:302,2
DA:304,3
DA:305,0
DA:309,2
DA:310,0
DA:311,0
DA:315,2
DA:320,1
DA:322,2
DA:323,2
DA:324,0
DA:329,2
DA:330,0
LF:137
LH:68
end_of_record
SF:lib/app/modules/community/widgets/comment_loading_widget.dart
DA:6,1
DA:9,1
DA:11,1
DA:13,1
DA:14,1
DA:15,1
DA:16,1
DA:19,2
DA:20,1
DA:21,1
DA:22,1
DA:23,1
LF:12
LH:12
end_of_record
SF:lib/app/modules/profile/controllers/profile_controller.dart
DA:86,3
DA:94,2
DA:98,1
DA:100,2
DA:101,2
DA:102,2
DA:103,5
DA:104,5
DA:105,5
DA:106,5
DA:107,5
DA:108,5
DA:110,3
DA:111,3
DA:113,3
DA:114,3
DA:118,1
DA:121,0
DA:122,0
DA:125,2
DA:126,2
DA:127,4
DA:128,0
DA:129,0
DA:130,0
DA:135,6
DA:136,10
DA:137,5
DA:138,1
DA:139,4
DA:140,2
DA:141,3
DA:142,3
DA:143,3
DA:144,2
DA:145,2
DA:146,2
DA:147,2
DA:148,3
DA:149,2
DA:150,3
DA:156,1
DA:160,2
DA:161,0
DA:167,1
DA:168,6
DA:169,6
DA:170,6
DA:171,6
DA:172,6
DA:173,6
DA:174,6
DA:175,6
DA:176,6
DA:177,6
DA:178,6
DA:179,6
DA:180,6
DA:181,6
DA:182,6
DA:183,6
DA:184,6
DA:185,4
DA:186,4
DA:189,2
DA:190,2
DA:193,6
DA:194,4
DA:196,5
DA:197,1
DA:198,4
DA:199,3
DA:200,2
DA:201,2
DA:202,2
DA:203,2
DA:204,2
DA:205,2
DA:206,2
DA:207,2
DA:208,2
DA:215,3
DA:216,2
DA:220,1
DA:228,2
DA:229,0
DA:235,0
DA:236,0
DA:238,0
DA:240,0
DA:241,0
DA:242,0
DA:243,0
DA:244,0
DA:245,0
DA:246,0
DA:247,0
DA:248,0
DA:249,0
DA:253,0
DA:254,0
DA:257,0
DA:265,0
DA:267,0
DA:268,0
DA:269,0
DA:270,0
DA:271,0
DA:272,0
DA:273,0
DA:274,0
DA:275,0
DA:279,0
DA:280,0
DA:281,0
DA:284,0
DA:290,1
DA:293,2
DA:294,4
DA:295,1
DA:296,2
DA:300,6
DA:301,3
DA:304,2
DA:305,3
DA:308,2
DA:309,2
DA:310,0
DA:314,2
DA:319,0
DA:320,0
DA:322,0
DA:324,0
DA:325,0
DA:326,0
DA:327,0
DA:328,0
DA:329,0
DA:330,0
DA:331,0
DA:332,0
DA:333,0
DA:337,0
DA:338,0
DA:341,0
DA:349,0
DA:351,0
DA:352,0
DA:353,0
DA:354,0
DA:355,0
DA:356,0
DA:357,0
DA:358,0
DA:359,0
DA:360,0
DA:361,0
DA:365,0
DA:366,0
DA:367,0
DA:368,0
DA:371,0
DA:377,0
DA:378,0
DA:379,0
DA:381,0
DA:384,0
DA:388,0
DA:389,0
DA:391,0
DA:396,1
DA:398,2
DA:399,0
DA:401,0
DA:402,0
DA:403,0
DA:404,0
DA:405,0
DA:407,0
DA:408,0
DA:412,2
DA:413,0
LF:182
LH:94
end_of_record
SF:lib/app/repositories/community_repository.dart
DA:11,0
DA:12,0
DA:13,0
DA:16,0
DA:17,0
DA:18,0
DA:21,0
DA:22,0
DA:23,0
DA:26,0
DA:27,0
DA:28,0
DA:31,0
DA:32,0
DA:33,0
DA:36,0
DA:37,0
DA:38,0
DA:41,0
DA:42,0
DA:43,0
DA:46,0
DA:47,0
DA:48,0
DA:52,0
DA:53,0
DA:54,0
DA:58,0
DA:59,0
DA:60,0
DA:64,0
DA:65,0
DA:66,0
LF:33
LH:0
end_of_record
SF:lib/app/modules/community/views/community_view.dart
DA:28,31
DA:30,1
DA:32,2
DA:33,1
DA:34,2
DA:35,1
DA:36,1
DA:38,1
DA:42,1
DA:44,1
DA:48,1
DA:51,1
DA:52,1
DA:53,0
DA:54,0
DA:56,1
DA:58,3
DA:59,3
DA:61,1
DA:62,1
DA:64,3
DA:65,1
DA:67,1
DA:70,1
DA:71,1
DA:72,1
DA:75,0
DA:76,1
DA:77,1
DA:80,2
DA:81,1
DA:82,1
DA:87,2
DA:88,3
DA:89,0
DA:90,0
DA:91,0
DA:92,0
DA:93,0
DA:94,0
DA:96,0
DA:97,1
DA:100,0
DA:101,0
DA:102,0
DA:105,0
DA:112,0
DA:113,0
DA:117,0
DA:120,0
DA:121,0
DA:122,0
DA:126,0
DA:128,0
DA:130,0
DA:133,0
DA:134,0
DA:136,0
DA:137,0
DA:139,0
DA:141,0
DA:144,0
DA:145,0
DA:146,0
DA:147,0
DA:148,0
DA:149,0
DA:150,0
DA:164,1
DA:165,1
DA:166,0
DA:168,0
DA:169,0
DA:171,0
DA:174,1
DA:178,6
DA:182,1
DA:183,1
DA:191,1
DA:197,1
DA:199,1
DA:201,2
DA:202,1
DA:203,3
DA:204,3
DA:205,1
DA:210,2
DA:211,3
DA:212,1
DA:213,1
DA:214,1
DA:215,5
DA:216,1
DA:217,2
DA:219,1
DA:220,2
DA:222,1
DA:223,2
DA:224,3
DA:225,3
DA:228,0
DA:229,0
DA:233,1
DA:234,2
DA:235,1
DA:236,5
DA:237,6
DA:240,1
DA:241,1
DA:242,1
DA:243,2
DA:244,3
DA:245,1
DA:247,0
DA:249,0
DA:250,0
DA:256,0
DA:261,1
DA:262,0
DA:264,0
DA:265,0
DA:268,1
DA:272,6
DA:273,5
DA:277,1
DA:278,5
DA:279,2
DA:280,1
DA:282,2
DA:283,1
DA:284,0
DA:285,0
DA:287,4
DA:288,0
DA:289,2
DA:293,4
DA:294,1
DA:297,1
DA:298,1
DA:299,2
DA:300,1
DA:301,4
DA:302,0
DA:303,0
DA:304,0
DA:305,0
DA:306,0
DA:309,0
DA:314,0
DA:319,1
DA:320,1
DA:321,2
DA:322,1
DA:323,1
DA:324,1
DA:328,1
DA:329,0
DA:330,0
DA:331,0
DA:334,0
DA:338,1
DA:341,3
DA:342,2
DA:343,1
DA:344,1
DA:345,1
DA:346,1
DA:347,3
DA:363,3
DA:365,1
DA:366,0
DA:367,0
DA:368,0
DA:370,1
DA:372,2
DA:373,3
DA:374,2
DA:377,1
DA:379,1
DA:380,1
DA:381,1
DA:382,1
DA:383,1
DA:386,1
DA:387,1
DA:388,1
DA:391,1
DA:395,1
DA:396,1
DA:397,1
DA:398,1
DA:399,1
DA:400,1
DA:404,6
DA:408,1
DA:409,1
DA:417,1
DA:418,1
DA:419,3
DA:421,1
DA:423,1
DA:424,2
DA:425,3
DA:426,3
DA:429,0
DA:430,0
DA:438,1
DA:439,1
DA:440,1
DA:441,1
DA:442,3
DA:443,4
DA:444,1
DA:445,0
DA:446,0
DA:447,0
DA:448,0
DA:449,0
DA:450,0
DA:451,0
DA:452,0
DA:455,0
DA:459,1
DA:460,1
DA:461,3
DA:462,4
DA:463,1
DA:464,0
DA:465,0
DA:466,0
DA:467,0
DA:468,0
DA:470,0
DA:471,0
DA:472,0
DA:474,0
DA:485,1
DA:486,1
DA:490,2
DA:491,1
DA:493,1
DA:494,1
DA:495,1
DA:496,1
DA:497,1
DA:499,1
DA:500,2
DA:503,1
DA:506,1
DA:507,1
DA:512,4
DA:513,0
DA:515,0
DA:516,0
DA:517,0
DA:523,1
DA:524,1
DA:525,1
DA:526,1
DA:528,2
DA:531,1
DA:533,1
DA:535,1
DA:536,1
DA:541,4
DA:542,0
DA:544,0
DA:545,0
DA:546,0
DA:556,3
DA:557,3
DA:558,1
DA:559,2
DA:560,1
DA:561,1
DA:563,1
DA:565,3
DA:566,4
DA:568,1
DA:569,3
DA:570,3
DA:571,1
DA:573,3
DA:574,2
DA:576,3
DA:577,3
DA:578,1
DA:579,2
DA:580,1
DA:581,1
DA:583,1
DA:585,3
DA:586,4
DA:588,1
DA:589,3
DA:590,3
DA:591,1
DA:593,3
DA:594,2
DA:604,3
DA:605,2
DA:606,3
DA:608,3
DA:609,1
DA:611,1
DA:613,9
DA:614,9
DA:615,4
DA:616,4
DA:617,4
DA:618,1
DA:619,5
DA:620,5
DA:621,5
DA:622,5
DA:624,4
DA:625,4
DA:626,4
DA:628,2
DA:629,5
DA:631,9
DA:633,5
DA:638,0
DA:639,0
DA:641,0
DA:642,0
DA:643,0
DA:644,0
DA:647,0
DA:648,0
DA:649,0
DA:654,0
DA:655,0
DA:656,0
DA:657,0
DA:658,0
DA:659,0
DA:663,0
DA:664,0
DA:665,0
DA:667,0
DA:670,0
DA:671,0
DA:672,0
DA:675,7
DA:676,1
DA:677,0
DA:679,0
DA:680,0
DA:681,0
DA:685,2
DA:686,1
DA:687,7
DA:689,0
DA:690,0
DA:691,0
DA:692,0
DA:693,0
DA:696,0
DA:697,0
DA:698,0
DA:701,1
DA:703,4
DA:704,1
DA:705,0
DA:706,0
DA:707,0
DA:708,0
DA:711,0
DA:712,0
DA:713,0
DA:720,3
DA:723,1
DA:724,2
DA:725,3
DA:726,3
DA:727,0
DA:728,0
DA:730,0
DA:733,0
DA:734,0
DA:735,0
DA:736,0
DA:741,3
DA:742,0
DA:743,0
DA:744,1
DA:763,1
DA:764,1
DA:767,1
DA:769,1
LF:391
LH:247
end_of_record
SF:lib/app/modules/community/widgets/buildSelectSector.dart
DA:14,2
DA:15,2
DA:19,1
DA:21,1
DA:23,1
DA:24,6
DA:26,1
DA:27,3
DA:28,4
DA:32,1
DA:33,0
DA:34,6
DA:36,0
DA:40,2
DA:41,1
DA:42,1
DA:43,5
DA:44,1
DA:47,0
DA:50,2
DA:51,1
DA:52,2
DA:56,0
DA:57,3
DA:58,0
DA:59,0
DA:60,0
DA:61,0
DA:62,0
DA:65,0
DA:67,0
DA:77,1
DA:80,1
DA:83,1
DA:84,5
DA:88,1
DA:90,3
DA:93,0
DA:95,0
DA:139,0
DA:140,0
DA:141,0
DA:142,0
DA:148,1
LF:44
LH:27
end_of_record
SF:lib/app/modules/community/widgets/buildSelectZone.dart
DA:14,2
DA:15,2
DA:19,1
DA:21,2
DA:22,1
DA:23,1
DA:24,1
DA:27,4
DA:28,1
DA:29,0
DA:30,0
DA:31,0
DA:32,0
DA:33,0
DA:34,0
DA:35,0
DA:36,0
DA:37,0
DA:41,0
DA:42,0
DA:43,0
DA:44,0
DA:47,0
DA:52,0
DA:53,0
DA:54,0
DA:58,0
DA:59,0
DA:60,0
DA:61,0
DA:62,0
DA:63,0
DA:66,0
DA:68,0
DA:78,0
DA:81,0
DA:84,0
DA:85,0
DA:89,0
DA:91,0
DA:94,0
DA:96,0
DA:152,0
DA:153,0
DA:154,0
DA:161,0
DA:167,1
DA:168,1
DA:169,1
DA:170,5
DA:171,1
DA:172,1
DA:175,1
DA:176,5
DA:177,0
DA:178,9
DA:180,1
DA:187,1
DA:188,1
DA:191,1
DA:192,3
DA:193,1
DA:194,0
DA:195,0
DA:196,0
DA:197,0
DA:200,0
DA:201,0
DA:202,0
DA:203,0
DA:204,0
DA:205,0
DA:206,0
DA:210,0
DA:211,0
DA:212,0
DA:213,0
DA:216,0
DA:221,0
DA:222,0
DA:223,0
DA:227,0
DA:228,0
DA:229,0
DA:230,0
DA:231,0
DA:232,0
DA:235,0
DA:237,0
DA:247,0
DA:250,0
DA:253,0
DA:254,0
DA:258,0
DA:260,0
DA:263,0
DA:265,0
DA:318,0
DA:319,0
DA:320,0
DA:327,0
DA:333,1
DA:334,1
DA:335,1
DA:336,5
DA:337,1
DA:338,1
DA:341,1
DA:342,5
DA:343,0
DA:344,9
DA:346,1
DA:352,1
DA:353,1
DA:356,1
DA:357,3
DA:358,1
DA:359,0
DA:360,0
DA:361,0
DA:362,0
DA:364,0
DA:365,0
DA:368,0
DA:369,0
DA:370,0
DA:371,0
DA:372,0
DA:373,0
DA:374,0
DA:377,0
DA:378,0
DA:379,0
DA:380,0
DA:383,0
DA:388,0
DA:389,0
DA:390,0
DA:394,0
DA:395,0
DA:396,0
DA:397,0
DA:398,0
DA:399,0
DA:402,0
DA:404,0
DA:414,0
DA:417,0
DA:420,0
DA:421,0
DA:425,0
DA:427,0
DA:430,0
DA:432,0
DA:433,0
DA:434,0
DA:435,0
DA:437,0
DA:441,0
DA:442,0
DA:443,0
DA:444,0
DA:447,0
DA:448,0
DA:449,0
DA:450,0
DA:456,0
DA:457,0
DA:458,0
DA:459,0
DA:462,0
DA:463,0
DA:466,0
DA:472,0
DA:475,0
DA:483,0
DA:484,0
DA:485,0
DA:492,0
DA:498,1
DA:499,1
DA:500,1
DA:501,5
DA:502,1
DA:503,1
DA:506,1
DA:507,5
DA:508,9
DA:509,0
DA:511,1
DA:517,1
LF:191
LH:50
end_of_record
SF:lib/app/modules/global_widgets/block_button_widget.dart
DA:5,6
DA:11,3
DA:13,3
DA:14,3
DA:15,3
DA:16,3
DA:17,3
DA:19,9
DA:20,6
DA:21,3
LF:10
LH:10
end_of_record
SF:lib/app/modules/global_widgets/loading_cards.dart
DA:4,59
DA:6,1
DA:8,1
DA:10,1
DA:12,1
DA:20,1
DA:21,1
DA:22,1
DA:23,2
DA:27,1
LF:10
LH:10
end_of_record
SF:lib/app/modules/global_widgets/post_card_widget.dart
DA:15,2
DA:41,2
DA:73,2
DA:75,4
DA:76,2
DA:77,2
DA:79,2
DA:80,2
DA:83,2
DA:84,2
DA:87,2
DA:90,2
DA:92,2
DA:93,2
DA:94,2
DA:98,8
DA:102,2
DA:103,2
DA:113,2
DA:116,2
DA:117,2
DA:118,6
DA:119,2
DA:122,2
DA:123,2
DA:124,6
DA:125,2
DA:126,0
DA:127,0
DA:128,0
DA:132,2
DA:133,2
DA:134,36
DA:136,6
DA:141,2
DA:144,2
DA:145,2
DA:146,0
DA:149,0
DA:156,2
DA:158,2
DA:161,2
DA:162,2
DA:163,2
DA:165,14
DA:166,2
DA:167,2
DA:169,10
DA:183,2
DA:185,2
DA:186,8
DA:187,0
DA:189,4
DA:192,10
DA:193,6
DA:194,7
DA:195,1
DA:196,1
DA:197,1
DA:198,1
DA:199,2
DA:202,1
DA:203,4
DA:204,1
DA:209,1
DA:210,1
DA:212,2
DA:221,1
DA:222,1
DA:224,3
DA:225,1
DA:226,1
DA:227,1
DA:228,1
DA:229,1
DA:230,1
DA:231,2
DA:232,4
DA:234,1
DA:235,2
DA:236,1
DA:237,1
DA:238,2
DA:239,4
DA:244,0
DA:245,0
DA:246,0
DA:247,0
DA:248,0
DA:249,0
DA:250,0
DA:251,0
DA:252,0
DA:254,0
DA:255,0
DA:256,0
DA:257,0
DA:258,0
DA:259,0
DA:261,0
DA:262,0
DA:263,0
DA:264,0
DA:265,0
DA:266,0
DA:270,0
DA:271,0
DA:272,0
DA:273,0
DA:274,0
DA:275,0
DA:276,0
DA:277,0
DA:279,0
DA:280,0
DA:281,0
DA:282,0
DA:283,0
DA:284,0
DA:286,0
DA:287,0
DA:288,0
DA:289,0
DA:290,0
DA:291,0
DA:293,0
DA:294,0
DA:295,0
DA:296,0
DA:297,0
DA:298,0
DA:299,0
DA:301,0
DA:302,0
DA:303,0
DA:304,0
DA:305,0
DA:306,0
DA:403,6
DA:404,2
DA:405,12
DA:407,6
DA:408,0
DA:410,2
DA:411,26
DA:415,2
DA:416,4
DA:417,0
DA:419,2
DA:420,20
DA:422,4
DA:423,0
DA:426,2
DA:427,24
DA:435,4
DA:437,2
DA:438,2
DA:439,2
DA:440,2
DA:443,2
DA:444,2
DA:445,2
DA:447,2
DA:448,2
DA:449,2
DA:450,6
DA:454,2
DA:455,2
DA:456,2
DA:457,2
DA:458,2
DA:465,6
DA:469,2
DA:470,2
DA:471,2
DA:472,2
DA:473,2
DA:480,6
DA:486,2
DA:489,2
DA:495,1
DA:496,1
DA:497,1
DA:498,1
DA:500,1
DA:502,1
DA:503,1
DA:510,1
DA:517,0
DA:518,0
DA:519,0
DA:520,0
DA:521,0
DA:522,0
DA:524,0
DA:525,0
DA:526,0
DA:527,0
DA:529,0
DA:530,0
DA:531,0
DA:532,0
DA:538,0
DA:540,0
LF:204
LH:125
end_of_record
SF:lib/app/modules/global_widgets/text_field_widget.dart
DA:8,4
DA:35,4
DA:63,4
DA:65,4
DA:68,4
DA:69,4
DA:71,4
DA:72,4
DA:73,4
DA:74,4
DA:75,12
DA:76,4
DA:80,8
DA:82,4
DA:83,4
DA:84,4
DA:85,4
DA:86,7
DA:87,4
DA:88,8
DA:89,4
DA:90,4
DA:91,4
DA:92,4
DA:93,4
DA:94,4
DA:95,4
DA:96,4
DA:97,4
DA:98,10
DA:99,4
DA:100,4
DA:101,4
DA:102,4
DA:104,4
DA:105,4
DA:106,4
DA:107,4
DA:108,4
DA:112,4
DA:115,0
DA:116,0
DA:119,0
DA:122,0
DA:128,0
DA:129,0
DA:131,0
DA:138,0
DA:139,0
DA:141,0
LF:50
LH:40
end_of_record
SF:lib/app/modules/profile/views/profile_view.dart
DA:25,1
DA:27,1
DA:30,1
DA:31,2
DA:32,1
DA:33,1
DA:38,1
DA:40,1
DA:41,0
DA:43,0
DA:44,0
DA:45,0
DA:48,1
DA:49,2
DA:50,1
DA:53,1
DA:54,0
DA:55,0
DA:56,0
DA:59,1
DA:61,1
DA:62,1
DA:63,1
DA:65,1
DA:66,1
DA:67,1
DA:68,5
DA:69,1
DA:72,3
DA:73,19
DA:76,4
DA:77,0
DA:83,0
DA:86,0
DA:87,0
DA:96,1
DA:98,1
DA:99,1
DA:100,1
DA:101,1
DA:102,1
DA:103,12
DA:104,1
DA:112,1
DA:114,1
DA:115,1
DA:116,0
DA:117,0
DA:119,1
DA:120,1
DA:121,1
DA:122,1
DA:123,2
DA:124,1
DA:128,1
DA:129,1
DA:130,1
DA:131,2
DA:132,1
DA:150,1
DA:151,0
DA:152,0
DA:154,1
DA:155,1
DA:156,1
DA:157,1
DA:158,2
DA:159,1
DA:163,1
DA:164,1
DA:165,1
DA:166,2
DA:167,1
DA:185,1
DA:186,0
DA:187,0
DA:189,1
DA:190,1
DA:191,1
DA:192,1
DA:193,9
DA:194,1
DA:198,1
DA:199,1
DA:200,1
DA:201,5
DA:202,1
DA:217,1
DA:218,1
DA:219,0
DA:220,0
DA:222,1
DA:223,1
DA:224,1
DA:225,1
DA:226,1
DA:227,1
DA:230,1
DA:232,1
DA:239,1
DA:240,1
DA:241,1
DA:242,2
DA:243,1
DA:250,1
DA:251,2
DA:252,1
DA:265,1
DA:266,0
DA:267,0
DA:269,1
DA:270,1
DA:271,1
DA:272,1
DA:273,1
DA:274,1
DA:277,1
DA:279,1
DA:286,1
DA:287,1
DA:288,1
DA:289,2
DA:290,1
DA:313,1
DA:314,0
DA:315,0
DA:317,1
DA:318,1
DA:319,1
DA:320,1
DA:321,1
DA:322,1
DA:325,1
DA:327,1
DA:334,1
DA:335,1
DA:336,1
DA:337,2
DA:338,1
DA:345,1
DA:346,5
DA:347,1
DA:357,1
DA:358,1
DA:359,0
DA:360,0
DA:361,0
DA:362,0
DA:364,0
DA:365,0
DA:366,0
DA:367,0
DA:368,0
DA:369,0
DA:370,0
DA:371,0
DA:372,0
DA:373,0
DA:374,0
DA:375,0
DA:376,0
DA:377,0
DA:379,0
DA:380,0
DA:381,0
DA:387,1
DA:388,1
DA:389,1
DA:390,1
DA:391,1
DA:392,1
DA:395,1
DA:397,1
DA:404,1
DA:405,1
DA:406,1
DA:407,2
DA:408,1
DA:415,1
DA:416,2
DA:417,1
DA:430,1
DA:431,0
DA:432,0
DA:433,0
DA:434,0
DA:435,0
DA:436,0
DA:437,0
DA:438,0
DA:439,0
DA:440,0
DA:441,0
DA:442,0
DA:443,0
DA:444,0
DA:445,0
DA:447,0
DA:448,0
DA:449,0
DA:455,1
DA:456,1
DA:457,1
DA:458,1
DA:459,1
DA:460,1
DA:463,1
DA:465,1
DA:472,1
DA:473,1
DA:474,1
DA:475,2
DA:476,1
DA:483,1
DA:484,2
DA:485,1
LF:216
LH:154
end_of_record
SF:lib/app/modules/community/views/create_post.dart
DA:21,30
DA:24,1
DA:26,1
DA:28,1
DA:31,1
DA:38,1
DA:40,0
DA:41,0
DA:42,0
DA:43,0
DA:44,0
DA:45,0
DA:47,0
DA:48,0
DA:49,0
DA:55,1
DA:56,1
DA:58,1
DA:59,1
DA:60,0
DA:61,0
DA:62,0
DA:63,0
DA:64,0
DA:65,0
DA:66,0
DA:67,0
DA:68,0
DA:69,0
DA:72,0
DA:76,1
DA:77,1
DA:78,1
DA:82,3
DA:86,1
DA:87,8
DA:88,7
DA:91,0
DA:92,0
DA:104,1
DA:108,1
DA:111,1
DA:112,1
DA:113,1
DA:115,1
DA:117,1
DA:118,1
DA:119,1
DA:122,1
DA:123,1
DA:127,1
DA:128,3
DA:129,1
DA:130,2
DA:131,1
DA:136,0
DA:137,1
DA:140,3
DA:142,2
DA:148,6
DA:149,0
DA:150,1
DA:151,0
DA:152,0
DA:153,0
DA:154,0
DA:158,0
DA:161,0
DA:162,0
DA:163,0
DA:164,0
DA:165,0
DA:166,0
DA:169,0
DA:171,0
DA:172,0
DA:173,0
DA:174,0
DA:177,0
DA:182,0
DA:183,0
DA:184,0
DA:185,0
DA:189,1
DA:190,1
DA:191,1
DA:192,1
DA:193,7
DA:199,1
DA:203,1
DA:204,1
DA:206,1
DA:208,1
DA:209,1
DA:210,1
DA:213,1
DA:214,3
DA:215,4
DA:217,1
DA:218,3
DA:219,4
DA:221,1
DA:222,1
DA:225,4
DA:226,1
DA:227,0
DA:228,0
DA:229,0
DA:230,0
DA:231,0
DA:232,0
DA:233,0
DA:234,0
DA:236,0
DA:237,0
DA:238,0
DA:241,0
DA:242,0
DA:243,0
DA:247,0
DA:248,0
DA:249,0
DA:250,0
DA:253,0
DA:258,0
DA:259,0
DA:260,0
DA:264,0
DA:265,0
DA:266,0
DA:267,0
DA:268,0
DA:269,0
DA:272,0
DA:274,0
DA:284,0
DA:287,0
DA:290,0
DA:291,0
DA:295,0
DA:297,0
DA:300,0
DA:302,0
DA:356,0
DA:357,0
DA:358,0
DA:365,0
DA:371,1
DA:372,1
DA:373,1
DA:374,5
DA:375,1
DA:376,1
DA:379,1
DA:380,5
DA:381,0
DA:382,9
DA:384,1
DA:391,1
DA:392,1
DA:395,1
DA:396,3
DA:397,1
DA:398,0
DA:399,0
DA:400,0
DA:401,0
DA:404,0
DA:405,0
DA:406,0
DA:407,0
DA:408,0
DA:409,0
DA:411,0
DA:412,0
DA:413,0
DA:416,0
DA:417,0
DA:418,0
DA:422,0
DA:423,0
DA:424,0
DA:425,0
DA:428,0
DA:433,0
DA:434,0
DA:435,0
DA:439,0
DA:440,0
DA:441,0
DA:442,0
DA:443,0
DA:444,0
DA:447,0
DA:449,0
DA:459,0
DA:462,0
DA:465,0
DA:466,0
DA:470,0
DA:472,0
DA:475,0
DA:477,0
DA:528,0
DA:529,0
DA:530,0
DA:537,0
DA:543,1
DA:544,1
DA:545,1
DA:546,5
DA:547,1
DA:548,1
DA:551,1
DA:552,5
DA:553,0
DA:554,9
DA:556,1
DA:562,1
DA:563,1
DA:566,1
DA:567,3
DA:568,1
DA:569,0
DA:570,0
DA:571,0
DA:572,0
DA:574,0
DA:575,0
DA:578,0
DA:579,0
DA:580,0
DA:581,0
DA:582,0
DA:583,0
DA:585,0
DA:586,0
DA:587,0
DA:590,0
DA:591,0
DA:592,0
DA:595,0
DA:596,0
DA:597,0
DA:598,0
DA:601,0
DA:606,0
DA:607,0
DA:608,0
DA:612,0
DA:613,0
DA:614,0
DA:615,0
DA:616,0
DA:617,0
DA:620,0
DA:622,0
DA:632,0
DA:635,0
DA:638,0
DA:639,0
DA:643,0
DA:645,0
DA:648,0
DA:650,0
DA:651,0
DA:652,0
DA:653,0
DA:655,0
DA:659,0
DA:660,0
DA:661,0
DA:662,0
DA:665,0
DA:666,0
DA:667,0
DA:668,0
DA:674,0
DA:675,0
DA:676,0
DA:677,0
DA:680,0
DA:681,0
DA:684,0
DA:692,0
DA:700,0
DA:701,0
DA:702,0
DA:709,0
DA:715,1
DA:716,1
DA:717,1
DA:718,5
DA:719,1
DA:720,1
DA:723,1
DA:724,5
DA:725,9
DA:726,0
DA:728,1
DA:734,1
DA:739,1
DA:740,1
DA:742,1
DA:744,1
DA:745,1
DA:746,1
DA:747,1
DA:748,3
DA:751,1
DA:752,8
DA:753,3
DA:754,4
DA:756,1
DA:758,1
DA:759,0
DA:760,0
DA:761,0
DA:762,0
DA:763,0
DA:764,0
DA:767,1
DA:768,2
DA:769,1
DA:770,1
DA:771,5
DA:772,1
DA:773,3
DA:774,0
DA:775,0
DA:776,0
DA:777,0
DA:778,0
DA:779,0
DA:780,0
DA:781,0
DA:788,0
DA:792,1
DA:795,1
DA:796,9
DA:797,1
DA:805,1
DA:823,1
DA:824,1
DA:825,1
DA:826,1
DA:831,1
DA:832,1
DA:834,2
DA:835,3
DA:836,1
DA:837,3
DA:838,1
DA:840,4
DA:841,1
DA:842,1
DA:844,1
DA:845,3
DA:846,3
DA:848,4
DA:849,12
DA:850,1
DA:855,1
DA:856,1
DA:858,2
DA:859,3
DA:862,1
DA:868,0
DA:871,6
DA:872,1
DA:873,0
DA:874,0
DA:875,0
DA:878,0
DA:879,0
DA:881,0
DA:882,0
DA:884,0
DA:886,0
DA:887,0
DA:889,0
DA:890,0
DA:894,0
DA:897,0
DA:899,0
DA:900,0
DA:901,0
DA:910,0
DA:913,0
DA:919,1
DA:921,1
DA:922,0
DA:923,0
DA:924,0
DA:925,0
DA:929,0
DA:932,0
DA:933,0
DA:934,0
DA:935,0
DA:936,0
DA:937,0
DA:940,0
DA:942,0
DA:943,0
DA:944,0
DA:945,0
DA:948,0
DA:953,0
DA:954,0
DA:955,0
DA:956,0
DA:960,1
LF:413
LH:157
end_of_record
SF:lib/app/modules/global_widgets/location_widget.dart
DA:8,1
DA:11,1
DA:18,1
DA:20,1
DA:22,1
DA:23,2
DA:29,1
DA:31,1
DA:32,1
DA:34,1
DA:37,3
DA:38,1
DA:41,1
DA:42,1
DA:43,6
DA:49,1
LF:16
LH:16
end_of_record
SF:lib/app/modules/global_widgets/sector_item_widget.dart
DA:8,1
DA:11,1
DA:18,1
DA:20,1
DA:22,1
DA:23,2
DA:29,1
DA:31,1
DA:32,1
DA:34,1
DA:37,3
DA:38,1
DA:41,1
DA:42,1
DA:43,6
DA:49,1
LF:16
LH:16
end_of_record
SF:lib/app/modules/community/widgets/comment_widget.dart
DA:7,1
DA:10,1
DA:18,1
DA:20,1
DA:23,1
DA:24,1
DA:26,1
DA:27,1
DA:28,1
DA:29,1
DA:30,1
DA:34,2
DA:35,1
DA:38,1
DA:39,8
DA:40,1
DA:41,1
DA:42,5
LF:18
LH:18
end_of_record
SF:lib/app/modules/global_widgets/tool_tip_widget.dart
DA:6,0
DA:8,0
DA:10,0
DA:12,0
DA:13,0
DA:15,0
DA:18,0
DA:20,0
DA:21,0
DA:29,0
DA:32,0
DA:34,0
DA:49,0
DA:51,0
DA:53,0
DA:54,0
DA:55,0
DA:57,0
DA:58,0
DA:59,0
DA:60,0
DA:61,0
DA:63,0
DA:65,0
DA:66,0
DA:67,0
DA:68,0
DA:69,0
DA:71,0
DA:72,0
DA:75,0
DA:79,0
DA:80,0
DA:81,0
DA:82,0
DA:83,0
DA:84,0
DA:85,0
LF:38
LH:0
end_of_record
SF:lib/app/repositories/events_repository.dart
DA:12,0
DA:13,0
DA:14,0
DA:16,0
DA:17,0
DA:18,0
DA:21,0
DA:22,0
DA:23,0
DA:26,0
DA:27,0
DA:28,0
DA:32,0
DA:33,0
DA:34,0
DA:38,0
DA:39,0
DA:40,0
DA:44,0
DA:45,0
DA:46,0
LF:21
LH:0
end_of_record
SF:lib/app/modules/events/views/events_view.dart
DA:29,30
DA:31,1
DA:33,4
DA:34,3
DA:35,2
DA:36,1
DA:37,2
DA:38,1
DA:40,1
DA:44,1
DA:45,1
DA:48,1
DA:53,1
DA:56,1
DA:57,1
DA:58,0
DA:59,0
DA:61,1
DA:63,3
DA:64,3
DA:67,1
DA:69,3
DA:70,1
DA:72,1
DA:75,1
DA:76,1
DA:77,1
DA:79,2
DA:80,1
DA:81,1
DA:85,1
DA:86,1
DA:87,0
DA:89,0
DA:90,0
DA:92,0
DA:95,1
DA:99,6
DA:103,1
DA:104,1
DA:117,1
DA:119,1
DA:121,2
DA:122,0
DA:123,0
DA:124,0
DA:125,0
DA:126,0
DA:128,0
DA:129,0
DA:130,0
DA:132,0
DA:136,3
DA:138,1
DA:139,0
DA:140,0
DA:141,0
DA:143,1
DA:144,1
DA:145,1
DA:146,1
DA:147,1
DA:150,3
DA:153,1
DA:154,1
DA:156,4
DA:157,1
DA:158,1
DA:162,2
DA:163,1
DA:165,1
DA:166,1
DA:167,1
DA:168,1
DA:169,1
DA:171,1
DA:172,2
DA:175,1
DA:178,1
DA:179,1
DA:184,4
DA:185,0
DA:186,0
DA:187,0
DA:236,3
DA:237,3
DA:238,1
DA:239,2
DA:240,1
DA:241,1
DA:243,1
DA:245,3
DA:246,4
DA:248,1
DA:249,3
DA:250,3
DA:251,1
DA:252,1
DA:254,3
DA:255,2
DA:266,1
DA:267,2
DA:268,3
DA:270,3
DA:271,3
DA:272,0
DA:273,0
DA:274,0
DA:276,1
DA:279,4
DA:280,4
DA:281,4
DA:282,4
DA:283,8
DA:284,4
DA:285,4
DA:286,1
DA:291,0
DA:292,0
DA:293,0
DA:294,0
DA:297,0
DA:298,0
DA:299,0
DA:306,3
DA:309,1
DA:310,2
DA:311,3
DA:312,3
DA:313,0
DA:314,0
DA:316,0
DA:319,0
DA:320,0
DA:321,0
DA:322,0
DA:327,3
DA:328,0
DA:329,0
DA:330,1
LF:140
LH:100
end_of_record
SF:lib/app/modules/events/widgets/buildSelectSector.dart
DA:15,1
DA:16,1
DA:20,1
DA:22,1
DA:23,1
DA:24,1
DA:25,5
DA:26,1
DA:29,1
DA:30,3
DA:31,4
DA:34,1
DA:35,0
DA:36,6
DA:38,0
DA:40,2
DA:41,1
DA:42,1
DA:43,6
DA:46,0
DA:49,2
DA:50,1
DA:51,2
DA:54,0
DA:55,3
DA:56,0
DA:57,0
DA:58,0
DA:59,0
DA:60,0
DA:63,0
DA:65,0
DA:75,1
DA:78,1
DA:81,1
DA:82,5
DA:86,1
DA:88,3
DA:91,0
DA:93,0
DA:138,0
DA:139,0
DA:140,0
DA:141,0
DA:147,1
LF:45
LH:28
end_of_record
SF:lib/app/modules/events/widgets/buildSelectZone.dart
DA:12,2
DA:13,2
DA:17,1
DA:19,2
DA:20,1
DA:22,1
DA:23,1
DA:26,1
DA:27,4
DA:28,1
DA:29,0
DA:30,0
DA:31,0
DA:32,0
DA:33,0
DA:34,0
DA:35,0
DA:36,0
DA:38,0
DA:39,0
DA:40,0
DA:43,0
DA:44,0
DA:45,0
DA:49,0
DA:50,0
DA:51,0
DA:52,0
DA:55,0
DA:60,0
DA:61,0
DA:62,0
DA:66,0
DA:67,0
DA:68,0
DA:69,0
DA:70,0
DA:71,0
DA:74,0
DA:76,0
DA:86,0
DA:89,0
DA:92,0
DA:93,0
DA:97,0
DA:99,0
DA:102,0
DA:104,0
DA:160,0
DA:161,0
DA:162,0
DA:169,0
DA:175,1
DA:176,1
DA:177,1
DA:178,5
DA:179,1
DA:180,1
DA:183,1
DA:184,5
DA:185,0
DA:186,9
DA:188,2
DA:195,1
DA:197,1
DA:200,1
DA:201,3
DA:202,1
DA:203,0
DA:204,0
DA:205,0
DA:206,0
DA:209,0
DA:210,0
DA:211,0
DA:212,0
DA:213,0
DA:214,0
DA:216,0
DA:217,0
DA:218,0
DA:221,0
DA:222,0
DA:223,0
DA:227,0
DA:228,0
DA:229,0
DA:230,0
DA:233,0
DA:238,0
DA:239,0
DA:240,0
DA:244,0
DA:245,0
DA:246,0
DA:247,0
DA:248,0
DA:249,0
DA:252,0
DA:254,0
DA:264,0
DA:267,0
DA:270,0
DA:271,0
DA:275,0
DA:277,0
DA:280,0
DA:282,0
DA:333,0
DA:334,0
DA:335,0
DA:348,1
DA:349,1
DA:350,1
DA:351,5
DA:352,1
DA:353,1
DA:356,1
DA:357,5
DA:358,0
DA:359,9
DA:361,1
DA:367,1
DA:369,1
DA:372,1
DA:373,3
DA:374,1
DA:375,0
DA:376,0
DA:377,0
DA:378,0
DA:380,0
DA:381,0
DA:384,0
DA:385,0
DA:386,0
DA:387,0
DA:388,0
DA:389,0
DA:391,0
DA:392,0
DA:393,0
DA:396,0
DA:397,0
DA:398,0
DA:402,0
DA:403,0
DA:404,0
DA:405,0
DA:408,0
DA:413,0
DA:414,0
DA:415,0
DA:419,0
DA:420,0
DA:421,0
DA:422,0
DA:423,0
DA:424,0
DA:427,0
DA:429,0
DA:439,0
DA:442,0
DA:445,0
DA:446,0
DA:450,0
DA:452,0
DA:455,0
DA:457,0
DA:458,0
DA:459,0
DA:460,0
DA:462,0
DA:466,0
DA:467,0
DA:468,0
DA:469,0
DA:472,0
DA:473,0
DA:474,0
DA:475,0
DA:481,0
DA:482,0
DA:483,0
DA:484,0
DA:487,0
DA:488,0
DA:491,0
DA:499,0
DA:507,0
DA:508,0
DA:509,0
DA:522,1
DA:523,1
DA:524,1
DA:525,5
DA:526,1
DA:527,1
DA:530,1
DA:531,5
DA:532,9
DA:533,0
DA:535,1
DA:541,1
LF:204
LH:51
end_of_record
SF:lib/app/modules/global_widgets/event_card_widget.dart
DA:12,2
DA:24,2
DA:42,2
DA:46,2
DA:47,6
DA:55,2
DA:58,2
DA:60,2
DA:61,0
DA:62,0
DA:63,0
DA:64,0
DA:67,0
DA:68,0
DA:69,0
DA:71,0
DA:73,0
DA:77,0
DA:81,0
DA:82,0
DA:83,0
DA:99,2
DA:100,2
DA:104,6
DA:108,2
DA:109,2
DA:120,2
DA:121,2
DA:124,2
DA:125,2
DA:126,2
DA:127,2
DA:128,10
DA:129,6
DA:131,2
DA:132,0
DA:142,2
DA:143,4
DA:145,2
DA:148,2
DA:149,2
DA:150,2
DA:151,6
DA:152,14
DA:153,2
DA:154,2
DA:155,6
DA:156,10
DA:162,2
DA:170,18
DA:183,2
LF:51
LH:37
end_of_record
SF:lib/app/modules/global_widgets/circular_loading_widget.dart
DA:14,0
DA:16,0
DA:17,0
DA:24,0
DA:25,0
DA:26,0
DA:27,0
DA:28,0
DA:29,0
DA:30,0
DA:31,0
DA:34,0
DA:35,0
DA:36,0
DA:38,0
DA:42,0
DA:48,0
DA:49,0
DA:52,0
DA:54,0
DA:55,0
DA:56,0
DA:57,0
DA:58,0
DA:61,0
DA:62,0
DA:63,0
DA:64,0
DA:65,0
DA:66,0
DA:67,0
LF:31
LH:0
end_of_record
SF:lib/app/modules/global_widgets/read_more_text.dart
DA:18,2
DA:26,2
DA:28,2
DA:29,2
DA:37,0
DA:38,0
DA:41,2
DA:43,2
DA:44,4
DA:45,6
DA:46,0
DA:49,6
DA:50,2
DA:51,2
DA:52,8
DA:58,6
DA:61,2
DA:62,2
DA:63,4
DA:64,2
DA:68,4
DA:69,2
DA:71,2
DA:72,4
DA:73,2
DA:74,2
DA:75,6
DA:76,2
DA:77,4
DA:78,2
DA:81,6
DA:82,4
DA:83,6
DA:84,2
DA:86,4
DA:87,4
DA:95,0
DA:96,0
DA:100,4
DA:101,2
DA:102,0
DA:103,0
DA:105,0
DA:106,0
DA:107,0
DA:108,0
DA:111,0
DA:114,2
DA:115,2
DA:116,0
DA:118,0
DA:119,0
DA:121,0
DA:122,0
DA:125,6
DA:129,0
DA:130,0
DA:132,2
LF:58
LH:39
end_of_record
SF:lib/app/modules/other_user_profile/controllers/other_user_profile_controller.dart
DA:73,0
DA:75,0
DA:77,0
DA:79,0
DA:80,0
DA:82,0
DA:84,0
DA:85,0
DA:86,0
DA:87,0
DA:88,0
DA:89,0
DA:94,0
DA:98,1
DA:99,1
DA:102,2
DA:103,2
DA:104,2
DA:105,2
DA:106,4
DA:107,4
DA:108,4
DA:109,4
DA:110,4
DA:111,4
DA:112,4
DA:113,4
DA:114,4
DA:115,4
DA:116,4
DA:118,3
DA:119,3
DA:121,2
DA:124,2
DA:125,0
DA:133,1
DA:134,1
DA:135,2
DA:136,0
DA:137,0
DA:138,0
DA:143,3
DA:144,5
DA:145,3
DA:146,1
DA:147,2
DA:148,2
DA:149,3
DA:150,3
DA:151,3
DA:152,2
DA:153,2
DA:154,2
DA:155,2
DA:156,3
DA:157,2
DA:158,3
DA:164,1
DA:168,2
DA:169,0
DA:175,1
DA:176,6
DA:177,6
DA:178,6
DA:179,6
DA:180,6
DA:181,6
DA:182,6
DA:183,6
DA:184,6
DA:185,6
DA:186,6
DA:187,6
DA:188,6
DA:189,6
DA:190,6
DA:191,6
DA:192,6
DA:193,4
DA:194,4
LF:80
LH:62
end_of_record
SF:lib/app/repositories/notification_repository.dart
DA:9,1
DA:10,3
DA:11,2
DA:14,0
DA:15,0
DA:16,0
DA:19,0
DA:20,0
DA:21,0
DA:24,0
DA:25,0
DA:26,0
LF:12
LH:3
end_of_record
SF:lib/app/modules/notifications/views/notification_view.dart
DA:18,29
DA:20,0
DA:22,0
DA:23,0
DA:24,0
DA:26,0
DA:28,0
DA:32,0
DA:34,0
DA:37,0
DA:40,0
DA:41,0
DA:42,0
DA:43,0
DA:45,0
DA:47,0
DA:48,0
DA:50,0
DA:51,0
DA:52,0
DA:53,0
DA:54,0
DA:56,0
DA:57,0
DA:59,0
DA:62,0
DA:66,0
DA:70,0
DA:71,0
DA:79,0
DA:84,0
DA:85,0
DA:86,0
DA:88,0
DA:89,0
DA:90,0
DA:91,0
DA:92,0
DA:93,0
DA:94,0
DA:96,0
DA:97,0
DA:98,0
DA:100,0
DA:101,0
DA:102,0
DA:104,0
DA:106,0
DA:107,0
DA:112,0
DA:113,0
DA:114,0
DA:115,0
DA:116,0
DA:118,0
DA:119,0
DA:120,0
DA:121,0
DA:122,0
DA:123,0
DA:125,0
DA:126,0
DA:129,0
DA:130,0
DA:131,0
DA:133,0
DA:134,0
DA:135,0
DA:136,0
DA:137,0
DA:138,0
DA:140,0
DA:141,0
DA:146,0
DA:147,0
DA:149,0
DA:150,0
DA:151,0
DA:153,0
DA:155,0
DA:156,0
DA:161,0
DA:163,0
DA:164,0
DA:168,0
DA:169,0
DA:170,0
DA:171,0
DA:172,0
DA:178,0
DA:179,0
DA:180,0
DA:182,0
DA:184,0
DA:186,0
DA:187,0
DA:191,0
DA:195,0
DA:196,0
DA:207,0
DA:208,0
DA:209,0
DA:210,0
DA:211,0
DA:217,0
DA:218,0
DA:219,0
DA:221,0
DA:222,0
DA:224,0
DA:226,0
DA:227,0
DA:231,0
DA:235,0
DA:236,0
DA:247,0
DA:248,0
DA:249,0
DA:250,0
DA:254,0
DA:255,0
DA:256,0
DA:258,0
DA:260,0
DA:262,0
DA:263,0
DA:267,0
DA:271,0
DA:272,0
LF:129
LH:1
end_of_record
SF:lib/app/modules/notifications/widgets/notification_item_widget.dart
DA:15,0
DA:21,0
DA:23,0
DA:24,0
DA:25,0
DA:26,0
DA:27,0
DA:28,0
DA:29,0
DA:30,0
DA:32,0
DA:34,0
DA:41,0
DA:42,0
DA:45,0
DA:46,0
DA:47,0
DA:49,0
DA:50,0
DA:51,0
DA:52,0
DA:54,0
DA:57,0
DA:60,0
DA:61,0
DA:62,0
DA:63,0
DA:68,0
DA:70,0
DA:71,0
DA:75,0
DA:77,0
DA:80,0
DA:81,0
DA:84,0
DA:85,0
DA:86,0
DA:89,0
DA:93,0
DA:94,0
DA:95,0
DA:96,0
DA:97,0
DA:98,0
DA:100,0
DA:101,0
DA:102,0
DA:105,0
DA:106,0
DA:107,0
DA:108,0
DA:110,0
DA:111,0
DA:112,0
DA:120,0
DA:121,0
DA:122,0
DA:123,0
DA:124,0
DA:125,0
DA:127,0
DA:128,0
DA:129,0
DA:132,0
DA:134,0
DA:135,0
DA:137,0
DA:138,0
DA:139,0
DA:147,0
DA:149,0
DA:151,0
DA:152,0
DA:153,0
DA:155,0
DA:159,0
DA:160,0
DA:161,0
DA:164,0
DA:172,0
DA:173,0
DA:174,0
DA:175,0
DA:177,0
DA:180,0
DA:189,0
DA:190,0
DA:191,0
DA:193,0
DA:194,0
DA:195,0
DA:196,0
DA:198,0
DA:201,0
DA:204,0
DA:205,0
DA:206,0
DA:207,0
DA:212,0
DA:214,0
DA:215,0
DA:219,0
DA:221,0
DA:224,0
DA:225,0
DA:228,0
DA:229,0
DA:230,0
DA:233,0
DA:237,0
DA:238,0
DA:239,0
DA:240,0
DA:241,0
DA:242,0
DA:244,0
DA:245,0
DA:246,0
DA:249,0
DA:250,0
DA:251,0
DA:252,0
DA:254,0
DA:255,0
DA:256,0
DA:264,0
DA:265,0
DA:266,0
DA:267,0
DA:268,0
DA:269,0
DA:271,0
DA:272,0
DA:273,0
DA:276,0
DA:278,0
DA:279,0
DA:281,0
DA:282,0
DA:283,0
DA:291,0
DA:293,0
DA:295,0
DA:296,0
DA:297,0
DA:299,0
DA:303,0
DA:304,0
DA:305,0
DA:308,0
DA:316,0
DA:317,0
DA:318,0
DA:319,0
DA:321,0
DA:324,0
LF:156
LH:0
end_of_record
SF:lib/app/models/setting_model.dart
DA:16,2
LF:1
LH:1
end_of_record
SF:lib/app/modules/auth/views/login_view.dart
DA:22,1
DA:24,3
DA:25,1
DA:26,2
DA:27,1
DA:29,1
DA:30,1
DA:31,1
DA:34,2
DA:35,2
DA:39,1
DA:40,1
DA:41,1
DA:43,1
DA:45,1
DA:46,1
DA:47,1
DA:48,2
DA:49,1
DA:51,1
DA:52,1
DA:54,1
DA:63,1
DA:66,1
DA:67,1
DA:68,1
DA:69,0
DA:70,0
DA:71,0
DA:73,3
DA:74,1
DA:75,1
DA:76,3
DA:77,1
DA:79,3
DA:80,4
DA:83,1
DA:84,1
DA:85,0
DA:86,0
DA:87,0
DA:89,3
DA:90,1
DA:91,1
DA:92,3
DA:93,1
DA:95,3
DA:96,4
DA:102,1
DA:104,1
DA:106,6
DA:108,1
DA:110,1
DA:112,1
DA:114,5
DA:115,1
DA:116,2
DA:118,2
DA:120,7
DA:123,0
DA:124,0
DA:125,0
DA:126,0
DA:127,0
DA:128,0
DA:129,0
DA:133,1
DA:134,3
DA:136,1
DA:138,1
DA:140,0
DA:143,0
DA:144,0
DA:145,0
DA:146,0
DA:148,0
DA:149,0
DA:150,0
DA:151,0
DA:152,0
DA:154,0
DA:156,0
DA:157,0
DA:159,0
DA:163,0
DA:164,0
DA:165,0
DA:166,0
DA:167,0
DA:171,0
DA:172,0
DA:175,0
DA:176,0
DA:177,0
DA:179,0
DA:180,0
DA:181,0
DA:182,0
DA:183,0
DA:184,0
DA:193,2
DA:194,1
DA:196,2
DA:200,5
DA:201,0
DA:202,0
DA:203,0
DA:205,1
DA:206,4
DA:209,3
DA:211,1
DA:213,1
DA:214,0
DA:215,0
DA:217,2
DA:218,4
DA:220,1
DA:223,1
DA:225,1
DA:226,0
DA:227,0
DA:228,0
DA:230,0
DA:232,4
DA:233,1
DA:242,2
DA:243,4
DA:244,1
DA:245,1
DA:246,4
DA:247,0
DA:248,0
DA:252,4
DA:253,1
DA:254,2
DA:255,8
DA:257,1
DA:258,0
DA:259,0
DA:262,0
DA:265,0
DA:267,1
DA:268,0
DA:269,0
DA:272,5
LF:145
LH:85
end_of_record
SF:lib/app/modules/global_widgets/custom_bottom_nav_bar.dart
DA:15,1
DA:17,1
DA:18,1
DA:22,1
DA:23,2
DA:24,3
DA:28,1
DA:30,1
DA:33,1
DA:35,1
DA:37,2
DA:38,1
DA:40,4
DA:41,3
DA:42,1
DA:43,1
DA:44,3
DA:45,1
DA:46,1
DA:47,1
DA:49,1
DA:50,1
DA:51,11
DA:52,1
DA:53,1
DA:55,6
DA:56,1
DA:59,1
DA:60,1
DA:70,3
DA:71,1
DA:73,1
DA:77,4
DA:80,1
DA:85,1
DA:96,1
LF:36
LH:36
end_of_record
SF:lib/app/modules/global_widgets/drawer_link_widget.dart
DA:16,2
DA:23,2
DA:25,2
DA:27,2
DA:28,2
DA:29,4
DA:31,2
DA:33,2
DA:34,2
DA:35,2
DA:36,2
DA:37,2
DA:38,2
DA:39,1
DA:40,1
DA:41,1
DA:43,2
DA:47,8
DA:49,2
DA:50,16
LF:20
LH:20
end_of_record
SF:lib/app/modules/global_widgets/main_drawer_widget.dart
DA:21,1
DA:26,1
DA:28,2
DA:29,1
DA:31,1
DA:32,1
DA:33,2
DA:34,1
DA:35,0
DA:36,0
DA:37,0
DA:39,0
DA:41,1
DA:42,1
DA:43,3
DA:45,1
DA:46,14
DA:47,4
DA:49,1
DA:51,1
DA:52,1
DA:53,1
DA:56,1
DA:57,1
DA:61,8
DA:66,0
DA:67,0
DA:83,1
DA:84,6
DA:85,1
DA:88,2
DA:90,0
DA:91,0
DA:92,0
DA:95,1
DA:98,2
DA:100,0
DA:101,0
DA:102,0
DA:106,2
DA:107,5
DA:108,1
DA:109,1
DA:113,2
DA:114,1
DA:115,1
DA:116,0
DA:117,0
DA:118,0
DA:119,0
DA:120,0
DA:121,0
DA:122,0
DA:123,0
DA:124,0
DA:125,0
DA:126,0
DA:127,0
DA:129,0
DA:130,0
DA:131,0
DA:140,0
LF:62
LH:34
end_of_record
